c:\users\nabil\dropbox\esiee-in4i24-17\tp1\startingcode -solution\myproj\release\myobject3d.obj
c:\users\nabil\dropbox\esiee-in4i24-17\tp1\startingcode -solution\myproj\release\main.obj
c:\users\nabil\dropbox\esiee-in4i24-17\tp1\startingcode -solution\myproj\release\myshader.obj
c:\users\nabil\dropbox\esiee-in4i24-17\tp1\startingcode -solution\myproj\release\mycamera.obj
c:\users\nabil\dropbox\esiee-in4i24-17\tp1\startingcode -solution\myproj\release\vc140.pdb
c:\users\nabil\dropbox\esiee-in4i24-17\tp1\startingcode\myproj\release\mycamera.obj
c:\users\nabil\dropbox\esiee-in4i24-17\tp1\startingcode\myproj\release\myshader.obj
c:\users\nabil\dropbox\esiee-in4i24-17\tp1\startingcode\myproj\release\myobject3d.obj
c:\users\nabil\dropbox\esiee-in4i24-17\tp1\startingcode\myproj\release\main.obj
c:\users\nabil\dropbox\esiee-in4i24-17\tp1\startingcode\myproj\release\vc140.pdb
c:\users\nabil\dropbox\esiee-in4i24-17\tp1\startingcode -solution\release\myproj.exe
c:\users\nabil\dropbox\esiee-in4i24-17\tp1\startingcode -solution\release\myproj.ipdb
c:\users\nabil\dropbox\esiee-in4i24-17\tp1\startingcode -solution\release\myproj.iobj
c:\users\nabil\dropbox\esiee-in4i24-17\tp1\startingcode -solution\release\myproj.pdb
c:\users\nabil\dropbox\esiee-in4i24-17\tp1\startingcode\release\myproj.exe
c:\users\nabil\dropbox\esiee-in4i24-17\tp1\startingcode\release\myproj.ipdb
c:\users\nabil\dropbox\esiee-in4i24-17\tp1\startingcode\release\myproj.iobj
c:\users\nabil\dropbox\esiee-in4i24-17\tp1\startingcode\release\myproj.pdb
c:\users\nabil\dropbox\esiee-in4i24-17\tp1\startingcode\myproj\release\myproj.tlog\cl.command.1.tlog
c:\users\nabil\dropbox\esiee-in4i24-17\tp1\startingcode\myproj\release\myproj.tlog\cl.read.1.tlog
c:\users\nabil\dropbox\esiee-in4i24-17\tp1\startingcode\myproj\release\myproj.tlog\cl.write.1.tlog
c:\users\nabil\dropbox\esiee-in4i24-17\tp1\startingcode\myproj\release\myproj.tlog\link.command.1.tlog
c:\users\nabil\dropbox\esiee-in4i24-17\tp1\startingcode\myproj\release\myproj.tlog\link.read.1.tlog
c:\users\nabil\dropbox\esiee-in4i24-17\tp1\startingcode\myproj\release\myproj.tlog\link.write.1.tlog
